2025-08-18 20:09:59,017 - INFO - Data Processing initialized..
2025-08-18 20:09:59,138 - INFO - Data loaded sucesfuly...
2025-08-18 20:09:59,191 - INFO - Basic data processing done...
2025-08-18 20:09:59,198 - INFO - Label mapping for Location
2025-08-18 20:09:59,198 - INFO - {'Adelaide': 0, 'Albury': 1, 'AliceSprings': 2, 'BadgerysCreek': 3, 'Ballarat': 4, 'Bendigo': 5, 'Brisbane': 6, 'Cairns': 7, 'Canberra': 8, 'Cobar': 9, 'CoffsHarbour': 10, 'Dartmoor': 11, 'Darwin': 12, 'GoldCoast': 13, 'Hobart': 14, 'Katherine': 15, 'Launceston': 16, 'Melbourne': 17, 'MelbourneAirport': 18, 'Mildura': 19, 'Moree': 20, 'MountGambier': 21, 'MountGinini': 22, 'Nhil': 23, 'NorahHead': 24, 'NorfolkIsland': 25, 'Nuriootpa': 26, 'PearceRAAF': 27, 'Penrith': 28, 'Perth': 29, 'PerthAirport': 30, 'Portland': 31, 'Richmond': 32, 'Sale': 33, 'SalmonGums': 34, 'Sydney': 35, 'SydneyAirport': 36, 'Townsville': 37, 'Tuggeranong': 38, 'Uluru': 39, 'WaggaWagga': 40, 'Walpole': 41, 'Watsonia': 42, 'Williamtown': 43, 'Witchcliffe': 44, 'Wollongong': 45, 'Woomera': 46}
2025-08-18 20:09:59,207 - INFO - Label mapping for WindGustDir
2025-08-18 20:09:59,207 - INFO - {'E': 0, 'ENE': 1, 'ESE': 2, 'N': 3, 'NE': 4, 'NNE': 5, 'NNW': 6, 'NW': 7, 'S': 8, 'SE': 9, 'SSE': 10, 'SSW': 11, 'SW': 12, 'W': 13, 'WNW': 14, 'WSW': 15}
2025-08-18 20:09:59,215 - INFO - Label mapping for WindDir9am
2025-08-18 20:09:59,215 - INFO - {'E': 0, 'ENE': 1, 'ESE': 2, 'N': 3, 'NE': 4, 'NNE': 5, 'NNW': 6, 'NW': 7, 'S': 8, 'SE': 9, 'SSE': 10, 'SSW': 11, 'SW': 12, 'W': 13, 'WNW': 14, 'WSW': 15}
2025-08-18 20:09:59,223 - INFO - Label mapping for WindDir3pm
2025-08-18 20:09:59,223 - INFO - {'E': 0, 'ENE': 1, 'ESE': 2, 'N': 3, 'NE': 4, 'NNE': 5, 'NNW': 6, 'NW': 7, 'S': 8, 'SE': 9, 'SSE': 10, 'SSW': 11, 'SW': 12, 'W': 13, 'WNW': 14, 'WSW': 15}
2025-08-18 20:09:59,231 - INFO - Label mapping for RainToday
2025-08-18 20:09:59,231 - INFO - {'No': 0, 'Yes': 1}
2025-08-18 20:09:59,240 - INFO - Label mapping for RainTomorrow
2025-08-18 20:09:59,240 - INFO - {'No': 0, 'Yes': 1}
2025-08-18 20:09:59,240 - INFO - Label Encoding DOne....
2025-08-18 20:09:59,242 - INFO - Index(['Location', 'MinTemp', 'MaxTemp', 'Rainfall', 'Evaporation', 'Sunshine',
       'WindGustDir', 'WindGustSpeed', 'WindDir9am', 'WindDir3pm',
       'WindSpeed9am', 'WindSpeed3pm', 'Humidity9am', 'Humidity3pm',
       'Pressure9am', 'Pressure3pm', 'Cloud9am', 'Cloud3pm', 'Temp9am',
       'Temp3pm', 'RainToday', 'Year', 'Month', 'Day'],
      dtype='object')
2025-08-18 20:09:59,270 - INFO - Splitted and saved sucesfully....
2025-08-18 20:09:59,272 - INFO - Data Procesing Completed....
2025-08-18 21:55:11,952 - INFO - Data Processing initialized..
2025-08-18 21:55:12,066 - INFO - Data loaded sucesfuly...
2025-08-18 21:55:12,118 - INFO - Basic data processing done...
2025-08-18 21:55:12,125 - INFO - Label mapping for Location
2025-08-18 21:55:12,125 - INFO - {'Adelaide': 0, 'Albury': 1, 'AliceSprings': 2, 'BadgerysCreek': 3, 'Ballarat': 4, 'Bendigo': 5, 'Brisbane': 6, 'Cairns': 7, 'Canberra': 8, 'Cobar': 9, 'CoffsHarbour': 10, 'Dartmoor': 11, 'Darwin': 12, 'GoldCoast': 13, 'Hobart': 14, 'Katherine': 15, 'Launceston': 16, 'Melbourne': 17, 'MelbourneAirport': 18, 'Mildura': 19, 'Moree': 20, 'MountGambier': 21, 'MountGinini': 22, 'Nhil': 23, 'NorahHead': 24, 'NorfolkIsland': 25, 'Nuriootpa': 26, 'PearceRAAF': 27, 'Penrith': 28, 'Perth': 29, 'PerthAirport': 30, 'Portland': 31, 'Richmond': 32, 'Sale': 33, 'SalmonGums': 34, 'Sydney': 35, 'SydneyAirport': 36, 'Townsville': 37, 'Tuggeranong': 38, 'Uluru': 39, 'WaggaWagga': 40, 'Walpole': 41, 'Watsonia': 42, 'Williamtown': 43, 'Witchcliffe': 44, 'Wollongong': 45, 'Woomera': 46}
2025-08-18 21:55:12,133 - INFO - Label mapping for WindGustDir
2025-08-18 21:55:12,133 - INFO - {'E': 0, 'ENE': 1, 'ESE': 2, 'N': 3, 'NE': 4, 'NNE': 5, 'NNW': 6, 'NW': 7, 'S': 8, 'SE': 9, 'SSE': 10, 'SSW': 11, 'SW': 12, 'W': 13, 'WNW': 14, 'WSW': 15}
2025-08-18 21:55:12,141 - INFO - Label mapping for WindDir9am
2025-08-18 21:55:12,141 - INFO - {'E': 0, 'ENE': 1, 'ESE': 2, 'N': 3, 'NE': 4, 'NNE': 5, 'NNW': 6, 'NW': 7, 'S': 8, 'SE': 9, 'SSE': 10, 'SSW': 11, 'SW': 12, 'W': 13, 'WNW': 14, 'WSW': 15}
2025-08-18 21:55:12,149 - INFO - Label mapping for WindDir3pm
2025-08-18 21:55:12,149 - INFO - {'E': 0, 'ENE': 1, 'ESE': 2, 'N': 3, 'NE': 4, 'NNE': 5, 'NNW': 6, 'NW': 7, 'S': 8, 'SE': 9, 'SSE': 10, 'SSW': 11, 'SW': 12, 'W': 13, 'WNW': 14, 'WSW': 15}
2025-08-18 21:55:12,156 - INFO - Label mapping for RainToday
2025-08-18 21:55:12,156 - INFO - {'No': 0, 'Yes': 1}
2025-08-18 21:55:12,165 - INFO - Label mapping for RainTomorrow
2025-08-18 21:55:12,165 - INFO - {'No': 0, 'Yes': 1}
2025-08-18 21:55:12,165 - INFO - Label Encoding DOne....
2025-08-18 21:55:12,168 - INFO - Index(['Location', 'MinTemp', 'MaxTemp', 'Rainfall', 'Evaporation', 'Sunshine',
       'WindGustDir', 'WindGustSpeed', 'WindDir9am', 'WindDir3pm',
       'WindSpeed9am', 'WindSpeed3pm', 'Humidity9am', 'Humidity3pm',
       'Pressure9am', 'Pressure3pm', 'Cloud9am', 'Cloud3pm', 'Temp9am',
       'Temp3pm', 'RainToday', 'Year', 'Month', 'Day'],
      dtype='object')
2025-08-18 21:55:12,193 - INFO - Splitted and saved sucesfully....
2025-08-18 21:55:12,194 - INFO - Data Procesing Completed....
2025-08-18 21:55:12,194 - INFO - Model Training intilaized...
2025-08-18 21:55:12,198 - INFO - Data loaded sucesfully...
2025-08-18 21:55:12,429 - INFO - Training and saving of model done...
2025-08-18 21:55:12,451 - INFO - Training model score : 0.8990582814647159 
2025-08-18 21:55:12,463 - INFO - Accuracy : 0.8649260366987309 ; Precision : 0.8580527908230612 ; Recall : 0.8649260366987309  : F1-Score : 0.8584494174064223
2025-08-18 21:55:12,463 - INFO - Model evaluation done..
2025-08-18 21:55:12,463 - INFO - Model training and Evaluation Done...
